<?xml version="1.0" encoding="UTF-8"?>
<!-- Generated by org.testng.reporters.JUnitReportReporter -->
<testsuite hostname="harsharg-PC" name="com.testing.maven.TestMaven" tests="1" failures="0" timestamp="28 Apr 2015 07:50:35 GMT" time="0.010" errors="0">
  <testcase name="print" time="0.010" classname="com.testing.maven.TestMaven"/>
</testsuite> <!-- com.testing.maven.TestMaven -->
